PROGRESS_DATA DIALOG DISCARDABLE  53, 47, 240, 103
STYLE DS_MODALFRAME | WS_POPUP | WS_VISIBLE | WS_CAPTION | WS_SYSMENU
CAPTION "Progressions Data"
FONT 8, "Helv"
BEGIN
    CONTROL "&Progression System:", 101, "zStatTxt3dClass", WS_VISIBLE | WS_CHILD | SS_LEFT | ZTXT3D_INSET, 12, 16, 67, 8
    COMBOBOX        102,92,14,140,54,CBS_DROPDOWNLIST | WS_TABSTOP
    CONTROL "&Months:", 103, "zStatTxt3dClass", WS_VISIBLE | WS_CHILD | SS_LEFT | ZTXT3D_INSET, 13, 38, 27, 8
    EDITTEXT        106,46,34,25,12
    CONTROL "&Days:", 105, "zStatTxt3dClass", WS_VISIBLE | WS_CHILD | SS_LEFT | ZTXT3D_INSET, 87, 38, 20, 8
    EDITTEXT        108,115,34,25,12
    CONTROL "&Years:", 107, "zStatTxt3dClass", WS_VISIBLE | WS_CHILD | SS_LEFT | ZTXT3D_INSET, 155, 38, 22, 8
    EDITTEXT        104,182,34,22,12
    CONTROL "Date Above is &Target Date", 110,"Button",, "zCheckBox3dClass", WS_VISIBLE | WS_CHILD |  ZCHECK3D_CROSS, 8386, 2108, 7958, -29460
    DEFPUSHBUTTON   "OK",1,18,78,40,14
    PUSHBUTTON      "Help",150,93,78,40,14
    PUSHBUTTON      "Cancel",2,171,78,40,14
END

OPTIONS DIALOG DISCARDABLE  15, 8, 234, 204
STYLE DS_MODALFRAME | WS_POPUP | WS_VISIBLE | WS_CAPTION | WS_SYSMENU
CAPTION "Birth Options"
FONT 8, "Helv"
BEGIN
    CONTROL "&Chart Type", 101, "zGroupBox3dClass", WS_VISIBLE | WS_CHILD |  ZTXT3D_INSET | ZTXT3D_LEFT | ZGRP3D_BLACK, 15, 9, 86, 48
    CONTROL "Tropical Chart.", 102, "zRadioBtn3dClass", BS_AUTORADIOBUTTON |		    WS_GROUP | WS_TABSTOP WS_VISIBLE | WS_CHILD |  ZRDO3D_INSET, 22, 23, 61, 10
    CONTROL "Sidereal Chart.", 103, "zRadioBtn3dClass", BS_AUTORADIOBUTTON |		    WS_GROUP | WS_TABSTOP WS_VISIBLE | WS_CHILD |  ZRDO3D_INSET, 22, 38, 61, 10
    CONTROL "House &Procedure:", 104, "zStatTxt3dClass", WS_VISIBLE | WS_CHILD | SS_LEFT | ZTXT3D_INSET, 109, 12, 60, 8
    COMBOBOX        105,109,23,95,57,CBS_DROPDOWNLIST | WS_VSCROLL |
		    WS_TABSTOP
    CONTROL "Find &Houses.", 106,"Button",BS_AUTOCHECKBOX, "zCheckBox3dClass", WS_VISIBLE | WS_CHILD |  ZCHECK3D_CROSS, 8386, 38, 7958, 10
    CONTROL "Find &Aspects.", 107,"Button",BS_AUTOCHECKBOX, "zCheckBox3dClass", WS_VISIBLE | WS_CHILD |  ZCHECK3D_CROSS, 8386, 38, 7958, 10
    CONTROL "Find Extended Aspects.", 108,"Button",BS_AUTOCHECKBOX, "zCheckBox3dClass", WS_VISIBLE | WS_CHILD |  ZCHECK3D_CROSS, 8386, 38, 7958, 10
    CONTROL "Miscellaneous &Info.", 109,"Button",BS_AUTOCHECKBOX, "zCheckBox3dClass", WS_VISIBLE | WS_CHILD |  ZCHECK3D_CROSS, 8386, 38, 7958, 10
    CONTROL "Extended Misc Info.", 110,"Button",BS_AUTOCHECKBOX, "zCheckBox3dClass", WS_VISIBLE | WS_CHILD |  ZCHECK3D_CROSS, 8386, 38, 7958, 10
    CONTROL "&Summary At End of Report.", 111,"Button",, "zCheckBox3dClass", WS_VISIBLE | WS_CHILD |  ZCHECK3D_CROSS, 8386, 38, 7958, 10
    CONTROL "&Vertex and East Point.", 112,"Button",BS_AUTOCHECKBOX, "zCheckBox3dClass", WS_VISIBLE | WS_CHILD |  ZCHECK3D_CROSS, 8386, 38, 7958, 10
    CONTROL "Print &Text in Report.", 113,"Button",BS_AUTOCHECKBOX, "zCheckBox3dClass", WS_VISIBLE | WS_CHILD |  ZCHECK3D_CROSS, 8386, 38, 7958, 10
    CONTROL "&Midpoint Options", 306, "zGroupBox3dClass", WS_VISIBLE | WS_CHILD |  ZTXT3D_INSET | ZTXT3D_LEFT | ZGRP3D_BLACK, 117, 81, 103, 83
    CONTROL "Basic Midpoints.", 114,"Button",BS_AUTOCHECKBOX, "zCheckBox3dClass", WS_VISIBLE | WS_CHILD |  ZCHECK3D_CROSS, 8386, 38, 7958, 10
    CONTROL "One-Half Midpoints.", 116,"Button",BS_AUTOCHECKBOX, "zCheckBox3dClass", WS_VISIBLE | WS_CHILD |  ZCHECK3D_CROSS, 8386, 38, 7958, 10
    CONTROL "Full Midpoints.", 115,"Button",BS_AUTOCHECKBOX, "zCheckBox3dClass", WS_VISIBLE | WS_CHILD |  ZCHECK3D_CROSS, 8386, 38, 7958, 10
    CONTROL "Aspects With Midpoints.", 117,"Button",BS_AUTOCHECKBOX, "zCheckBox3dClass", WS_VISIBLE | WS_CHILD |  ZCHECK3D_CROSS, 8386, 38, 7958, 10
    PUSHBUTTON      "OK",1,17,176,57,20
    PUSHBUTTON      "Help",150,88,176,57,20
    PUSHBUTTON      "Cancel",2,160,176,57,20
END

